<?xml version="1.0" encoding="UTF-8"?>
<testng-results skipped="0" failed="0" ignored="0" total="1" passed="1">
  <reporter-output>
  </reporter-output>
  <suite name="Default suite" duration-ms="5517" started-at="2018-03-14T01:34:34Z" finished-at="2018-03-14T01:34:40Z">
    <groups>
    </groups>
    <test name="Default test" duration-ms="5517" started-at="2018-03-14T01:34:34Z" finished-at="2018-03-14T01:34:40Z">
      <class name="com.ninja.tests.TestUsingMaven">
        <test-method status="PASS" signature="test()[pri:0, instance:com.ninja.tests.TestUsingMaven@6f7fd0e6]" name="test" duration-ms="5496" started-at="2018-03-14T01:34:34Z" finished-at="2018-03-14T01:34:40Z">
          <reporter-output>
          </reporter-output>
        </test-method> <!-- test -->
      </class> <!-- com.ninja.tests.TestUsingMaven -->
    </test> <!-- Default test -->
  </suite> <!-- Default suite -->
</testng-results>
